c:\users\pauliuskuzmickas\desktop\programming\homecomingdemo\debug\vc141.pdb
c:\users\pauliuskuzmickas\desktop\programming\homecomingdemo\debug\vc141.idb
c:\users\pauliuskuzmickas\desktop\programming\homecomingdemo\debug\aicomponent.obj
c:\users\pauliuskuzmickas\desktop\programming\homecomingdemo\debug\animator.obj
c:\users\pauliuskuzmickas\desktop\programming\homecomingdemo\debug\camerasystem.obj
c:\users\pauliuskuzmickas\desktop\programming\homecomingdemo\debug\collisionsystem.obj
c:\users\pauliuskuzmickas\desktop\programming\homecomingdemo\debug\director.obj
c:\users\pauliuskuzmickas\desktop\programming\homecomingdemo\debug\entity.obj
c:\users\pauliuskuzmickas\desktop\programming\homecomingdemo\debug\encounterscene.obj
c:\users\pauliuskuzmickas\desktop\programming\homecomingdemo\debug\graphics.obj
c:\users\pauliuskuzmickas\desktop\programming\homecomingdemo\debug\main.obj
c:\users\pauliuskuzmickas\desktop\programming\homecomingdemo\debug\mapsystem.obj
c:\users\pauliuskuzmickas\desktop\programming\homecomingdemo\debug\movement.obj
c:\users\pauliuskuzmickas\desktop\programming\homecomingdemo\debug\pathfindingsystem.obj
c:\users\pauliuskuzmickas\desktop\programming\homecomingdemo\debug\playerinput.obj
c:\users\pauliuskuzmickas\desktop\programming\homecomingdemo\debug\playermovement.obj
c:\users\pauliuskuzmickas\desktop\programming\homecomingdemo\debug\playersystem.obj
c:\users\pauliuskuzmickas\desktop\programming\homecomingdemo\debug\scene.obj
c:\users\pauliuskuzmickas\desktop\programming\homecomingdemo\debug\scenedesignsystem.obj
c:\users\pauliuskuzmickas\desktop\programming\homecomingdemo\debug\npcsystem.obj
c:\users\pauliuskuzmickas\desktop\programming\homecomingdemo\debug\homecomingreworked.exe
c:\users\pauliuskuzmickas\desktop\programming\homecomingdemo\debug\homecomingreworked.ilk
c:\users\pauliuskuzmickas\desktop\programming\homecomingdemo\debug\homecomingreworked.pdb
c:\users\pauliuskuzmickas\desktop\programming\homecomingdemo\debug\homecomi.ee62b015.tlog\cl.command.1.tlog
c:\users\pauliuskuzmickas\desktop\programming\homecomingdemo\debug\homecomi.ee62b015.tlog\cl.read.1.tlog
c:\users\pauliuskuzmickas\desktop\programming\homecomingdemo\debug\homecomi.ee62b015.tlog\cl.write.1.tlog
c:\users\pauliuskuzmickas\desktop\programming\homecomingdemo\debug\homecomi.ee62b015.tlog\link.command.1.tlog
c:\users\pauliuskuzmickas\desktop\programming\homecomingdemo\debug\homecomi.ee62b015.tlog\link.read.1.tlog
c:\users\pauliuskuzmickas\desktop\programming\homecomingdemo\debug\homecomi.ee62b015.tlog\link.write.1.tlog
